This file contains any messages produced by compilers while
running configure, to aid debugging if configure makes a mistake.

It was created by libcxx configure 1.0, which was
generated by GNU Autoconf 2.61.  Invocation command line was

  $ ./configure 

## --------- ##
## Platform. ##
## --------- ##

hostname = mac.andr.ru
uname -m = i386
uname -r = 6.2-RELEASE
uname -s = FreeBSD
uname -v = FreeBSD 6.2-RELEASE #1: Sat Jan 20 19:24:04 MSK 2007     root@mac.andr.ru:/usr/obj/usr/src/sys/MAC 

/usr/bin/uname -p = i386
/bin/uname -X     = unknown

/bin/arch              = unknown
/usr/bin/arch -k       = unknown
/usr/convex/getsysinfo = unknown
/usr/bin/hostinfo      = unknown
/bin/machine           = unknown
/usr/bin/oslevel       = unknown
/bin/universe          = unknown

PATH: /sbin
PATH: /bin
PATH: /usr/sbin
PATH: /usr/bin
PATH: /usr/games
PATH: /usr/local/sbin
PATH: /usr/local/bin
PATH: /usr/X11R6/bin
PATH: /home/ass/bin
PATH: /usr/local/plan9/bin
PATH: /inferno/FreeBSD/386/bin


## ----------- ##
## Core tests. ##
## ----------- ##

configure:1981: checking for a BSD-compatible install
configure:2037: result: /usr/bin/install -c
configure:2048: checking whether build environment is sane
configure:2091: result: yes
configure:2119: checking for a thread-safe mkdir -p
configure:2158: result: ./install-sh -c -d
configure:2171: checking for gawk
configure:2201: result: no
configure:2171: checking for mawk
configure:2201: result: no
configure:2171: checking for nawk
configure:2187: found /usr/bin/nawk
configure:2198: result: nawk
configure:2209: checking whether make sets $(MAKE)
configure:2230: result: yes
configure:2481: checking for g++
configure:2497: found /usr/bin/g++
configure:2508: result: g++
configure:2539: checking for C++ compiler version
configure:2546: g++ --version >&5
g++ (GCC) 3.4.6 [FreeBSD] 20060305
Copyright (C) 2006 Free Software Foundation, Inc.
This is free software; see the source for copying conditions.  There is NO
warranty; not even for MERCHANTABILITY or FITNESS FOR A PARTICULAR PURPOSE.

configure:2549: $? = 0
configure:2556: g++ -v >&5
Using built-in specs.
Configured with: FreeBSD/i386 system compiler
Thread model: posix
gcc version 3.4.6 [FreeBSD] 20060305
configure:2559: $? = 0
configure:2566: g++ -V >&5
g++: `-V' option must have argument
configure:2569: $? = 1
configure:2592: checking for C++ compiler default output file name
configure:2619: g++    conftest.cpp  >&5
configure:2622: $? = 0
configure:2660: result: a.out
configure:2677: checking whether the C++ compiler works
configure:2687: ./a.out
configure:2690: $? = 0
configure:2707: result: yes
configure:2714: checking whether we are cross compiling
configure:2716: result: no
configure:2719: checking for suffix of executables
configure:2726: g++ -o conftest    conftest.cpp  >&5
configure:2729: $? = 0
configure:2753: result: 
configure:2759: checking for suffix of object files
configure:2785: g++ -c   conftest.cpp >&5
configure:2788: $? = 0
configure:2811: result: o
configure:2815: checking whether we are using the GNU C++ compiler
configure:2844: g++ -c   conftest.cpp >&5
configure:2850: $? = 0
configure:2867: result: yes
configure:2872: checking whether g++ accepts -g
configure:2902: g++ -c -g  conftest.cpp >&5
configure:2908: $? = 0
configure:3007: result: yes
configure:3041: checking for style of include used by make
configure:3069: result: GNU
configure:3094: checking dependency style of g++
configure:3185: result: gcc3
configure:3248: checking for gcc
configure:3264: found /usr/bin/gcc
configure:3275: result: gcc
configure:3513: checking for C compiler version
configure:3520: gcc --version >&5
gcc (GCC) 3.4.6 [FreeBSD] 20060305
Copyright (C) 2006 Free Software Foundation, Inc.
This is free software; see the source for copying conditions.  There is NO
warranty; not even for MERCHANTABILITY or FITNESS FOR A PARTICULAR PURPOSE.

configure:3523: $? = 0
configure:3530: gcc -v >&5
Using built-in specs.
Configured with: FreeBSD/i386 system compiler
Thread model: posix
gcc version 3.4.6 [FreeBSD] 20060305
configure:3533: $? = 0
configure:3540: gcc -V >&5
gcc: `-V' option must have argument
configure:3543: $? = 1
configure:3546: checking whether we are using the GNU C compiler
configure:3575: gcc -c   conftest.c >&5
configure:3581: $? = 0
configure:3598: result: yes
configure:3603: checking whether gcc accepts -g
configure:3633: gcc -c -g  conftest.c >&5
configure:3639: $? = 0
configure:3738: result: yes
configure:3755: checking for gcc option to accept ISO C89
configure:3829: gcc  -c -g -O2  conftest.c >&5
configure:3835: $? = 0
configure:3858: result: none needed
configure:3878: checking dependency style of gcc
configure:3969: result: gcc3
configure:3989: checking how to run the C preprocessor
configure:4029: gcc -E  conftest.c
configure:4035: $? = 0
configure:4066: gcc -E  conftest.c
conftest.c:10:28: ac_nonexistent.h: No such file or directory
configure:4072: $? = 1
configure: failed program was:
| /* confdefs.h.  */
| #define PACKAGE_NAME "libcxx"
| #define PACKAGE_TARNAME "libcxx"
| #define PACKAGE_VERSION "1.0"
| #define PACKAGE_STRING "libcxx 1.0"
| #define PACKAGE_BUGREPORT ""
| #define PACKAGE "libcxx"
| #define VERSION "1.0"
| /* end confdefs.h.  */
| #include <ac_nonexistent.h>
configure:4105: result: gcc -E
configure:4134: gcc -E  conftest.c
configure:4140: $? = 0
configure:4171: gcc -E  conftest.c
conftest.c:10:28: ac_nonexistent.h: No such file or directory
configure:4177: $? = 1
configure: failed program was:
| /* confdefs.h.  */
| #define PACKAGE_NAME "libcxx"
| #define PACKAGE_TARNAME "libcxx"
| #define PACKAGE_VERSION "1.0"
| #define PACKAGE_STRING "libcxx 1.0"
| #define PACKAGE_BUGREPORT ""
| #define PACKAGE "libcxx"
| #define VERSION "1.0"
| /* end confdefs.h.  */
| #include <ac_nonexistent.h>
configure:4227: checking for a BSD-compatible install
configure:4283: result: /usr/bin/install -c
configure:4294: checking whether ln -s works
configure:4298: result: yes
configure:4305: checking whether make sets $(MAKE)
configure:4326: result: yes
configure:4413: checking build system type
configure:4431: result: i386-unknown-freebsd6.2
configure:4453: checking host system type
configure:4468: result: i386-unknown-freebsd6.2
configure:4490: checking for a sed that does not truncate output
configure:4546: result: /usr/bin/sed
configure:4549: checking for grep that handles long lines and -e
configure:4623: result: /usr/bin/grep
configure:4628: checking for egrep
configure:4706: result: /usr/bin/grep -E
configure:4722: checking for ld used by gcc
configure:4789: result: /usr/bin/ld
configure:4798: checking if the linker (/usr/bin/ld) is GNU ld
configure:4813: result: yes
configure:4818: checking for /usr/bin/ld option to reload object files
configure:4825: result: -r
configure:4843: checking for BSD-compatible nm
configure:4892: result: /usr/bin/nm -B
configure:4896: checking how to recognize dependent libraries
configure:5082: result: pass_all
configure:5319: checking for ANSI C header files
configure:5349: gcc -c -g -O2  conftest.c >&5
configure:5355: $? = 0
configure:5454: gcc -o conftest -g -O2   conftest.c  >&5
configure:5457: $? = 0
configure:5463: ./conftest
configure:5466: $? = 0
configure:5483: result: yes
configure:5507: checking for sys/types.h
configure:5528: gcc -c -g -O2  conftest.c >&5
configure:5534: $? = 0
configure:5550: result: yes
configure:5507: checking for sys/stat.h
configure:5528: gcc -c -g -O2  conftest.c >&5
configure:5534: $? = 0
configure:5550: result: yes
configure:5507: checking for stdlib.h
configure:5528: gcc -c -g -O2  conftest.c >&5
configure:5534: $? = 0
configure:5550: result: yes
configure:5507: checking for string.h
configure:5528: gcc -c -g -O2  conftest.c >&5
configure:5534: $? = 0
configure:5550: result: yes
configure:5507: checking for memory.h
configure:5528: gcc -c -g -O2  conftest.c >&5
configure:5534: $? = 0
configure:5550: result: yes
configure:5507: checking for strings.h
configure:5528: gcc -c -g -O2  conftest.c >&5
configure:5534: $? = 0
configure:5550: result: yes
configure:5507: checking for inttypes.h
configure:5528: gcc -c -g -O2  conftest.c >&5
configure:5534: $? = 0
configure:5550: result: yes
configure:5507: checking for stdint.h
configure:5528: gcc -c -g -O2  conftest.c >&5
configure:5534: $? = 0
configure:5550: result: yes
configure:5507: checking for unistd.h
configure:5528: gcc -c -g -O2  conftest.c >&5
configure:5534: $? = 0
configure:5550: result: yes
configure:5577: checking dlfcn.h usability
configure:5594: gcc -c -g -O2  conftest.c >&5
configure:5600: $? = 0
configure:5614: result: yes
configure:5618: checking dlfcn.h presence
configure:5633: gcc -E  conftest.c
configure:5639: $? = 0
configure:5653: result: yes
configure:5681: checking for dlfcn.h
configure:5689: result: yes
configure:5712: checking how to run the C++ preprocessor
configure:5748: g++ -E  conftest.cpp
configure:5754: $? = 0
configure:5785: g++ -E  conftest.cpp
conftest.cpp:21:28: ac_nonexistent.h: No such file or directory
configure:5791: $? = 1
configure: failed program was:
| /* confdefs.h.  */
| #define PACKAGE_NAME "libcxx"
| #define PACKAGE_TARNAME "libcxx"
| #define PACKAGE_VERSION "1.0"
| #define PACKAGE_STRING "libcxx 1.0"
| #define PACKAGE_BUGREPORT ""
| #define PACKAGE "libcxx"
| #define VERSION "1.0"
| #define STDC_HEADERS 1
| #define HAVE_SYS_TYPES_H 1
| #define HAVE_SYS_STAT_H 1
| #define HAVE_STDLIB_H 1
| #define HAVE_STRING_H 1
| #define HAVE_MEMORY_H 1
| #define HAVE_STRINGS_H 1
| #define HAVE_INTTYPES_H 1
| #define HAVE_STDINT_H 1
| #define HAVE_UNISTD_H 1
| #define HAVE_DLFCN_H 1
| /* end confdefs.h.  */
| #include <ac_nonexistent.h>
configure:5824: result: g++ -E
configure:5853: g++ -E  conftest.cpp
configure:5859: $? = 0
configure:5890: g++ -E  conftest.cpp
conftest.cpp:21:28: ac_nonexistent.h: No such file or directory
configure:5896: $? = 1
configure: failed program was:
| /* confdefs.h.  */
| #define PACKAGE_NAME "libcxx"
| #define PACKAGE_TARNAME "libcxx"
| #define PACKAGE_VERSION "1.0"
| #define PACKAGE_STRING "libcxx 1.0"
| #define PACKAGE_BUGREPORT ""
| #define PACKAGE "libcxx"
| #define VERSION "1.0"
| #define STDC_HEADERS 1
| #define HAVE_SYS_TYPES_H 1
| #define HAVE_SYS_STAT_H 1
| #define HAVE_STDLIB_H 1
| #define HAVE_STRING_H 1
| #define HAVE_MEMORY_H 1
| #define HAVE_STRINGS_H 1
| #define HAVE_INTTYPES_H 1
| #define HAVE_STDINT_H 1
| #define HAVE_UNISTD_H 1
| #define HAVE_DLFCN_H 1
| /* end confdefs.h.  */
| #include <ac_nonexistent.h>
configure:5989: checking for g77
configure:6019: result: no
configure:5989: checking for xlf
configure:6019: result: no
configure:5989: checking for f77
configure:6005: found /usr/bin/f77
configure:6016: result: f77
configure:6046: checking for Fortran 77 compiler version
configure:6053: f77 --version >&5
GNU Fortran (GCC) 3.4.6 [FreeBSD] 20060305
Copyright (C) 2006 Free Software Foundation, Inc.

GNU Fortran comes with NO WARRANTY, to the extent permitted by law.
You may redistribute copies of GNU Fortran
under the terms of the GNU General Public License.
For more information about these matters, see the file named COPYING
or type the command `info -f g77 Copying'.
configure:6056: $? = 0
configure:6063: f77 -v >&5
Using built-in specs.
Configured with: FreeBSD/i386 system compiler
Thread model: posix
gcc version 3.4.6 [FreeBSD] 20060305
configure:6066: $? = 0
configure:6073: f77 -V >&5
f77: `-V' option must have argument
configure:6076: $? = 1
configure:6084: checking whether we are using the GNU Fortran 77 compiler
configure:6103: f77 -c  conftest.F >&5
configure:6109: $? = 0
configure:6126: result: yes
configure:6132: checking whether f77 accepts -g
configure:6149: f77 -c -g conftest.f >&5
configure:6155: $? = 0
configure:6171: result: yes
configure:6201: checking the maximum length of command line arguments
configure:6313: result: 196608
configure:6325: checking command to parse /usr/bin/nm -B output from gcc object
configure:6430: gcc -c -g -O2  conftest.c >&5
configure:6433: $? = 0
configure:6437: /usr/bin/nm -B conftest.o \| sed -n -e 's/^.*[ 	]\([ABCDGIRSTW][ABCDGIRSTW]*\)[ 	][ 	]*\([_A-Za-z][_A-Za-z0-9]*\)$/\1 \2 \2/p' \> conftest.nm
configure:6440: $? = 0
configure:6492: gcc -o conftest -g -O2   conftest.c conftstm.o >&5
configure:6495: $? = 0
configure:6533: result: ok
configure:6537: checking for objdir
configure:6552: result: .libs
configure:6644: checking for ar
configure:6660: found /usr/bin/ar
configure:6671: result: ar
configure:6740: checking for ranlib
configure:6756: found /usr/bin/ranlib
configure:6767: result: ranlib
configure:6836: checking for strip
configure:6852: found /usr/bin/strip
configure:6863: result: strip
configure:7149: checking if gcc supports -fno-rtti -fno-exceptions
configure:7167: gcc -c -g -O2  -fno-rtti -fno-exceptions conftest.c >&5
cc1: warning: command line option "-fno-rtti" is valid for C++/ObjC++ but not for C
configure:7171: $? = 0
configure:7184: result: no
configure:7199: checking for gcc option to produce PIC
configure:7431: result: -fPIC
configure:7439: checking if gcc PIC flag -fPIC works
configure:7457: gcc -c -g -O2  -fPIC -DPIC conftest.c >&5
configure:7461: $? = 0
configure:7474: result: yes
configure:7502: checking if gcc static flag -static works
configure:7530: result: yes
configure:7540: checking if gcc supports -c -o file.o
configure:7561: gcc -c -g -O2  -o out/conftest2.o conftest.c >&5
configure:7565: $? = 0
configure:7587: result: yes
configure:7613: checking whether the gcc linker (/usr/bin/ld) supports shared libraries
configure:8594: result: yes
configure:8615: checking whether -lc should be explicitly linked in
configure:8620: gcc -c -g -O2  conftest.c >&5
configure:8623: $? = 0
configure:8638: gcc -shared conftest.o  -v -Wl,-soname -Wl,conftest -o conftest 2\>\&1 \| grep  -lc  \>/dev/null 2\>\&1
configure:8641: $? = 1
configure:8653: result: yes
configure:8661: checking dynamic linker characteristics
configure:9275: result: freebsd6.2 ld.so
configure:9284: checking how to hardcode library paths into programs
configure:9309: result: immediate
configure:9323: checking whether stripping libraries is possible
configure:9328: result: yes
configure:10130: checking if libtool supports shared libraries
configure:10132: result: yes
configure:10135: checking whether to build shared libraries
configure:10156: result: yes
configure:10159: checking whether to build static libraries
configure:10163: result: yes
configure:10256: creating libtool
configure:10844: checking for ld used by g++
configure:10911: result: /usr/bin/ld
configure:10920: checking if the linker (/usr/bin/ld) is GNU ld
configure:10935: result: yes
configure:10986: checking whether the g++ linker (/usr/bin/ld) supports shared libraries
configure:11960: result: yes
configure:11978: g++ -c -g -O2  conftest.cpp >&5
configure:11981: $? = 0
configure:12133: checking for g++ option to produce PIC
configure:12417: result: -fPIC
configure:12425: checking if g++ PIC flag -fPIC works
configure:12443: g++ -c -g -O2  -fPIC -DPIC conftest.cpp >&5
configure:12447: $? = 0
configure:12460: result: yes
configure:12488: checking if g++ static flag -static works
configure:12516: result: yes
configure:12526: checking if g++ supports -c -o file.o
configure:12547: g++ -c -g -O2  -o out/conftest2.o conftest.cpp >&5
configure:12551: $? = 0
configure:12573: result: yes
configure:12599: checking whether the g++ linker (/usr/bin/ld) supports shared libraries
configure:12627: result: yes
configure:12694: checking dynamic linker characteristics
configure:13256: result: freebsd6.2 ld.so
configure:13265: checking how to hardcode library paths into programs
configure:13290: result: immediate
configure:13824: checking if libtool supports shared libraries
configure:13826: result: yes
configure:13829: checking whether to build shared libraries
configure:13849: result: yes
configure:13852: checking whether to build static libraries
configure:13856: result: yes
configure:13866: checking for f77 option to produce PIC
configure:14098: result: -fPIC
configure:14106: checking if f77 PIC flag -fPIC works
configure:14124: f77 -c -g -O2 -fPIC conftest.f >&5
configure:14128: $? = 0
configure:14141: result: yes
configure:14169: checking if f77 static flag -static works
configure:14197: result: yes
configure:14207: checking if f77 supports -c -o file.o
configure:14228: f77 -c -g -O2 -o out/conftest2.o conftest.f >&5
configure:14232: $? = 0
configure:14254: result: yes
configure:14280: checking whether the f77 linker (/usr/bin/ld) supports shared libraries
configure:15241: result: yes
configure:15308: checking dynamic linker characteristics
configure:15870: result: freebsd6.2 ld.so
configure:15879: checking how to hardcode library paths into programs
configure:15904: result: immediate
configure:19490: checking for doxygen
configure:19508: found /usr/local/bin/doxygen
configure:19520: result: /usr/local/bin/doxygen
configure:19531: checking for ANSI C header files
configure:19695: result: yes
configure:19705: checking for sys/wait.h that is POSIX.1 compatible
configure:19741: gcc -c -g -O2  conftest.c >&5
configure:19747: $? = 0
configure:19762: result: yes
configure:19790: checking fcntl.h usability
configure:19807: gcc -c -g -O2  conftest.c >&5
configure:19813: $? = 0
configure:19827: result: yes
configure:19831: checking fcntl.h presence
configure:19846: gcc -E  conftest.c
configure:19852: $? = 0
configure:19866: result: yes
configure:19894: checking for fcntl.h
configure:19902: result: yes
configure:19790: checking sys/time.h usability
configure:19807: gcc -c -g -O2  conftest.c >&5
configure:19813: $? = 0
configure:19827: result: yes
configure:19831: checking sys/time.h presence
configure:19846: gcc -E  conftest.c
configure:19852: $? = 0
configure:19866: result: yes
configure:19894: checking for sys/time.h
configure:19902: result: yes
configure:19790: checking syslog.h usability
configure:19807: gcc -c -g -O2  conftest.c >&5
configure:19813: $? = 0
configure:19827: result: yes
configure:19831: checking syslog.h presence
configure:19846: gcc -E  conftest.c
configure:19852: $? = 0
configure:19866: result: yes
configure:19894: checking for syslog.h
configure:19902: result: yes
configure:19780: checking for unistd.h
configure:19786: result: yes
configure:19917: checking for stdbool.h that conforms to C99
configure:20010: gcc -c -g -O2  conftest.c >&5
configure:20016: $? = 0
configure:20031: result: yes
configure:20033: checking for _Bool
configure:20063: gcc -c -g -O2  conftest.c >&5
configure:20069: $? = 0
configure:20084: result: yes
configure:20103: checking for an ANSI C-conforming const
configure:20178: gcc -c -g -O2  conftest.c >&5
configure:20184: $? = 0
configure:20199: result: yes
configure:20209: checking for inline
configure:20235: gcc -c -g -O2  conftest.c >&5
configure:20241: $? = 0
configure:20259: result: inline
configure:20278: checking for pid_t
configure:20308: gcc -c -g -O2  conftest.c >&5
configure:20314: $? = 0
configure:20329: result: yes
configure:20341: checking for size_t
configure:20371: gcc -c -g -O2  conftest.c >&5
configure:20377: $? = 0
configure:20392: result: yes
configure:20404: checking whether time.h and sys/time.h may both be included
configure:20434: gcc -c -g -O2  conftest.c >&5
configure:20440: $? = 0
configure:20455: result: yes
configure:20466: checking for uint16_t
configure:20497: gcc -c -g -O2  conftest.c >&5
configure:20503: $? = 0
configure:20524: result: yes
configure:20539: checking for error_at_line
configure:20565: gcc -o conftest -g -O2   conftest.c  >&5
conftest.c:30:19: error.h: No such file or directory
configure:20571: $? = 1
configure: failed program was:
| /* confdefs.h.  */
| #define PACKAGE_NAME "libcxx"
| #define PACKAGE_TARNAME "libcxx"
| #define PACKAGE_VERSION "1.0"
| #define PACKAGE_STRING "libcxx 1.0"
| #define PACKAGE_BUGREPORT ""
| #define PACKAGE "libcxx"
| #define VERSION "1.0"
| #define STDC_HEADERS 1
| #define HAVE_SYS_TYPES_H 1
| #define HAVE_SYS_STAT_H 1
| #define HAVE_STDLIB_H 1
| #define HAVE_STRING_H 1
| #define HAVE_MEMORY_H 1
| #define HAVE_STRINGS_H 1
| #define HAVE_INTTYPES_H 1
| #define HAVE_STDINT_H 1
| #define HAVE_UNISTD_H 1
| #define HAVE_DLFCN_H 1
| #define STDC_HEADERS 1
| #define HAVE_SYS_WAIT_H 1
| #define HAVE_FCNTL_H 1
| #define HAVE_SYS_TIME_H 1
| #define HAVE_SYSLOG_H 1
| #define HAVE_UNISTD_H 1
| #define HAVE__BOOL 1
| #define HAVE_STDBOOL_H 1
| #define TIME_WITH_SYS_TIME 1
| /* end confdefs.h.  */
| #include <error.h>
| int
| main ()
| {
| error_at_line (0, 0, "", 0, "an error occurred");
|   ;
|   return 0;
| }
configure:20588: result: no
configure:20614: checking vfork.h usability
configure:20631: gcc -c -g -O2  conftest.c >&5
conftest.c:63:19: vfork.h: No such file or directory
configure:20637: $? = 1
configure: failed program was:
| /* confdefs.h.  */
| #define PACKAGE_NAME "libcxx"
| #define PACKAGE_TARNAME "libcxx"
| #define PACKAGE_VERSION "1.0"
| #define PACKAGE_STRING "libcxx 1.0"
| #define PACKAGE_BUGREPORT ""
| #define PACKAGE "libcxx"
| #define VERSION "1.0"
| #define STDC_HEADERS 1
| #define HAVE_SYS_TYPES_H 1
| #define HAVE_SYS_STAT_H 1
| #define HAVE_STDLIB_H 1
| #define HAVE_STRING_H 1
| #define HAVE_MEMORY_H 1
| #define HAVE_STRINGS_H 1
| #define HAVE_INTTYPES_H 1
| #define HAVE_STDINT_H 1
| #define HAVE_UNISTD_H 1
| #define HAVE_DLFCN_H 1
| #define STDC_HEADERS 1
| #define HAVE_SYS_WAIT_H 1
| #define HAVE_FCNTL_H 1
| #define HAVE_SYS_TIME_H 1
| #define HAVE_SYSLOG_H 1
| #define HAVE_UNISTD_H 1
| #define HAVE__BOOL 1
| #define HAVE_STDBOOL_H 1
| #define TIME_WITH_SYS_TIME 1
| /* end confdefs.h.  */
| #include <stdio.h>
| #ifdef HAVE_SYS_TYPES_H
| # include <sys/types.h>
| #endif
| #ifdef HAVE_SYS_STAT_H
| # include <sys/stat.h>
| #endif
| #ifdef STDC_HEADERS
| # include <stdlib.h>
| # include <stddef.h>
| #else
| # ifdef HAVE_STDLIB_H
| #  include <stdlib.h>
| # endif
| #endif
| #ifdef HAVE_STRING_H
| # if !defined STDC_HEADERS && defined HAVE_MEMORY_H
| #  include <memory.h>
| # endif
| # include <string.h>
| #endif
| #ifdef HAVE_STRINGS_H
| # include <strings.h>
| #endif
| #ifdef HAVE_INTTYPES_H
| # include <inttypes.h>
| #endif
| #ifdef HAVE_STDINT_H
| # include <stdint.h>
| #endif
| #ifdef HAVE_UNISTD_H
| # include <unistd.h>
| #endif
| #include <vfork.h>
configure:20651: result: no
configure:20655: checking vfork.h presence
configure:20670: gcc -E  conftest.c
conftest.c:30:19: vfork.h: No such file or directory
configure:20676: $? = 1
configure: failed program was:
| /* confdefs.h.  */
| #define PACKAGE_NAME "libcxx"
| #define PACKAGE_TARNAME "libcxx"
| #define PACKAGE_VERSION "1.0"
| #define PACKAGE_STRING "libcxx 1.0"
| #define PACKAGE_BUGREPORT ""
| #define PACKAGE "libcxx"
| #define VERSION "1.0"
| #define STDC_HEADERS 1
| #define HAVE_SYS_TYPES_H 1
| #define HAVE_SYS_STAT_H 1
| #define HAVE_STDLIB_H 1
| #define HAVE_STRING_H 1
| #define HAVE_MEMORY_H 1
| #define HAVE_STRINGS_H 1
| #define HAVE_INTTYPES_H 1
| #define HAVE_STDINT_H 1
| #define HAVE_UNISTD_H 1
| #define HAVE_DLFCN_H 1
| #define STDC_HEADERS 1
| #define HAVE_SYS_WAIT_H 1
| #define HAVE_FCNTL_H 1
| #define HAVE_SYS_TIME_H 1
| #define HAVE_SYSLOG_H 1
| #define HAVE_UNISTD_H 1
| #define HAVE__BOOL 1
| #define HAVE_STDBOOL_H 1
| #define TIME_WITH_SYS_TIME 1
| /* end confdefs.h.  */
| #include <vfork.h>
configure:20690: result: no
configure:20718: checking for vfork.h
configure:20726: result: no
configure:20744: checking for fork
configure:20800: gcc -o conftest -g -O2   conftest.c  >&5
configure:20806: $? = 0
configure:20824: result: yes
configure:20744: checking for vfork
configure:20800: gcc -o conftest -g -O2   conftest.c  >&5
configure:20806: $? = 0
configure:20824: result: yes
configure:20835: checking for working fork
configure:20867: gcc -o conftest -g -O2   conftest.c  >&5
configure:20870: $? = 0
configure:20876: ./conftest
configure:20879: $? = 0
configure:20895: result: yes
configure:20916: checking for working vfork
configure:21054: result: yes
configure:21101: checking sys/select.h usability
configure:21118: gcc -c -g -O2  conftest.c >&5
configure:21124: $? = 0
configure:21138: result: yes
configure:21142: checking sys/select.h presence
configure:21157: gcc -E  conftest.c
configure:21163: $? = 0
configure:21177: result: yes
configure:21205: checking for sys/select.h
configure:21213: result: yes
configure:21101: checking sys/socket.h usability
configure:21118: gcc -c -g -O2  conftest.c >&5
configure:21124: $? = 0
configure:21138: result: yes
configure:21142: checking sys/socket.h presence
configure:21157: gcc -E  conftest.c
configure:21163: $? = 0
configure:21177: result: yes
configure:21205: checking for sys/socket.h
configure:21213: result: yes
configure:21226: checking types of arguments for select
configure:21264: gcc -c -g -O2  conftest.c >&5
configure:21270: $? = 0
configure:21291: result: int,fd_set *,struct timeval *
configure:21314: checking return type of signal handlers
configure:21342: gcc -c -g -O2  conftest.c >&5
conftest.c: In function `main':
conftest.c:45: error: void value not ignored as it ought to be
configure:21348: $? = 1
configure: failed program was:
| /* confdefs.h.  */
| #define PACKAGE_NAME "libcxx"
| #define PACKAGE_TARNAME "libcxx"
| #define PACKAGE_VERSION "1.0"
| #define PACKAGE_STRING "libcxx 1.0"
| #define PACKAGE_BUGREPORT ""
| #define PACKAGE "libcxx"
| #define VERSION "1.0"
| #define STDC_HEADERS 1
| #define HAVE_SYS_TYPES_H 1
| #define HAVE_SYS_STAT_H 1
| #define HAVE_STDLIB_H 1
| #define HAVE_STRING_H 1
| #define HAVE_MEMORY_H 1
| #define HAVE_STRINGS_H 1
| #define HAVE_INTTYPES_H 1
| #define HAVE_STDINT_H 1
| #define HAVE_UNISTD_H 1
| #define HAVE_DLFCN_H 1
| #define STDC_HEADERS 1
| #define HAVE_SYS_WAIT_H 1
| #define HAVE_FCNTL_H 1
| #define HAVE_SYS_TIME_H 1
| #define HAVE_SYSLOG_H 1
| #define HAVE_UNISTD_H 1
| #define HAVE__BOOL 1
| #define HAVE_STDBOOL_H 1
| #define TIME_WITH_SYS_TIME 1
| #define HAVE_FORK 1
| #define HAVE_VFORK 1
| #define HAVE_WORKING_VFORK 1
| #define HAVE_WORKING_FORK 1
| #define HAVE_SYS_SELECT_H 1
| #define HAVE_SYS_SOCKET_H 1
| #define SELECT_TYPE_ARG1 int
| #define SELECT_TYPE_ARG234 (fd_set *)
| #define SELECT_TYPE_ARG5 (struct timeval *)
| /* end confdefs.h.  */
| #include <sys/types.h>
| #include <signal.h>
| 
| int
| main ()
| {
| return *(signal (0, 0)) (0) == 1;
|   ;
|   return 0;
| }
configure:21363: result: void
configure:21381: checking for alarm
configure:21437: gcc -o conftest -g -O2   conftest.c  >&5
configure:21443: $? = 0
configure:21461: result: yes
configure:21381: checking for gettimeofday
configure:21437: gcc -o conftest -g -O2   conftest.c  >&5
configure:21443: $? = 0
configure:21461: result: yes
configure:21381: checking for memset
configure:21437: gcc -o conftest -g -O2   conftest.c  >&5
conftest.c:65: warning: conflicting types for built-in function 'memset'
configure:21443: $? = 0
configure:21461: result: yes
configure:21381: checking for select
configure:21437: gcc -o conftest -g -O2   conftest.c  >&5
configure:21443: $? = 0
configure:21461: result: yes
configure:21381: checking for setenv
configure:21437: gcc -o conftest -g -O2   conftest.c  >&5
configure:21443: $? = 0
configure:21461: result: yes
configure:21381: checking for strerror
configure:21437: gcc -o conftest -g -O2   conftest.c  >&5
configure:21443: $? = 0
configure:21461: result: yes
configure:21381: checking for strtoul
configure:21437: gcc -o conftest -g -O2   conftest.c  >&5
configure:21443: $? = 0
configure:21461: result: yes
configure:21483: checking for g++33
configure:21516: result: no
configure:21655: creating ./config.status

## ---------------------- ##
## Running config.status. ##
## ---------------------- ##

This file was extended by libcxx config.status 1.0, which was
generated by GNU Autoconf 2.61.  Invocation command line was

  CONFIG_FILES    = 
  CONFIG_HEADERS  = 
  CONFIG_LINKS    = 
  CONFIG_COMMANDS = 
  $ ./config.status 

on mac.andr.ru

config.status:677: creating Makefile
config.status:677: creating doc/Makefile
config.status:677: creating doc/html/Makefile
config.status:677: creating src/Makefile
config.status:677: creating src/db/client/Makefile
config.status:677: creating src/db/stream/Makefile
config.status:677: creating src/dbstream/Makefile
config.status:677: creating src/env/Makefile
config.status:677: creating src/except/Makefile
config.status:677: creating src/fork/Makefile
config.status:677: creating src/logostream/Makefile
config.status:677: creating src/static/Makefile
config.status:677: creating src/timeter/Makefile
config.status:677: creating config.h
config.status:931: config.h is unchanged
config.status:977: executing depfiles commands

## ---------------- ##
## Cache variables. ##
## ---------------- ##

ac_cv_build=i386-unknown-freebsd6.2
ac_cv_c_compiler_gnu=yes
ac_cv_c_const=yes
ac_cv_c_inline=inline
ac_cv_c_uint16_t=yes
ac_cv_cxx_compiler_gnu=yes
ac_cv_env_CCC_set=
ac_cv_env_CCC_value=
ac_cv_env_CC_set=
ac_cv_env_CC_value=
ac_cv_env_CFLAGS_set=
ac_cv_env_CFLAGS_value=
ac_cv_env_CPPFLAGS_set=
ac_cv_env_CPPFLAGS_value=
ac_cv_env_CPP_set=
ac_cv_env_CPP_value=
ac_cv_env_CXXCPP_set=
ac_cv_env_CXXCPP_value=
ac_cv_env_CXXFLAGS_set=
ac_cv_env_CXXFLAGS_value=
ac_cv_env_CXX_set=
ac_cv_env_CXX_value=
ac_cv_env_F77_set=
ac_cv_env_F77_value=
ac_cv_env_FFLAGS_set=
ac_cv_env_FFLAGS_value=
ac_cv_env_LDFLAGS_set=
ac_cv_env_LDFLAGS_value=
ac_cv_env_LIBS_set=
ac_cv_env_LIBS_value=
ac_cv_env_build_alias_set=
ac_cv_env_build_alias_value=
ac_cv_env_host_alias_set=
ac_cv_env_host_alias_value=
ac_cv_env_target_alias_set=
ac_cv_env_target_alias_value=
ac_cv_f77_compiler_gnu=yes
ac_cv_func_alarm=yes
ac_cv_func_fork=yes
ac_cv_func_fork_works=yes
ac_cv_func_gettimeofday=yes
ac_cv_func_memset=yes
ac_cv_func_select=yes
ac_cv_func_select_args='int,fd_set *,struct timeval *'
ac_cv_func_setenv=yes
ac_cv_func_strerror=yes
ac_cv_func_strtoul=yes
ac_cv_func_vfork=yes
ac_cv_func_vfork_works=yes
ac_cv_header_dlfcn_h=yes
ac_cv_header_fcntl_h=yes
ac_cv_header_inttypes_h=yes
ac_cv_header_memory_h=yes
ac_cv_header_stdbool_h=yes
ac_cv_header_stdc=yes
ac_cv_header_stdint_h=yes
ac_cv_header_stdlib_h=yes
ac_cv_header_string_h=yes
ac_cv_header_strings_h=yes
ac_cv_header_sys_select_h=yes
ac_cv_header_sys_socket_h=yes
ac_cv_header_sys_stat_h=yes
ac_cv_header_sys_time_h=yes
ac_cv_header_sys_types_h=yes
ac_cv_header_sys_wait_h=yes
ac_cv_header_syslog_h=yes
ac_cv_header_time=yes
ac_cv_header_unistd_h=yes
ac_cv_header_vfork_h=no
ac_cv_host=i386-unknown-freebsd6.2
ac_cv_lib_error_at_line=no
ac_cv_objext=o
ac_cv_path_DOXYGEN=/usr/local/bin/doxygen
ac_cv_path_EGREP='/usr/bin/grep -E'
ac_cv_path_GREP=/usr/bin/grep
ac_cv_path_install='/usr/bin/install -c'
ac_cv_prog_AWK=nawk
ac_cv_prog_CPP='gcc -E'
ac_cv_prog_CXXCPP='g++ -E'
ac_cv_prog_ac_ct_AR=ar
ac_cv_prog_ac_ct_CC=gcc
ac_cv_prog_ac_ct_CXX=g++
ac_cv_prog_ac_ct_F77=f77
ac_cv_prog_ac_ct_RANLIB=ranlib
ac_cv_prog_ac_ct_STRIP=strip
ac_cv_prog_cc_c89=
ac_cv_prog_cc_g=yes
ac_cv_prog_cxx_g=yes
ac_cv_prog_f77_g=yes
ac_cv_prog_make_make_set=yes
ac_cv_type__Bool=yes
ac_cv_type_pid_t=yes
ac_cv_type_signal=void
ac_cv_type_size_t=yes
am_cv_CC_dependencies_compiler_type=gcc3
am_cv_CXX_dependencies_compiler_type=gcc3
lt_cv_deplibs_check_method=pass_all
lt_cv_file_magic_cmd='$MAGIC_CMD'
lt_cv_file_magic_test_file=
lt_cv_ld_reload_flag=-r
lt_cv_objdir=.libs
lt_cv_path_LD=/usr/bin/ld
lt_cv_path_LDCXX=/usr/bin/ld
lt_cv_path_NM='/usr/bin/nm -B'
lt_cv_path_SED=/usr/bin/sed
lt_cv_prog_compiler_c_o=yes
lt_cv_prog_compiler_c_o_CXX=yes
lt_cv_prog_compiler_c_o_F77=yes
lt_cv_prog_compiler_rtti_exceptions=no
lt_cv_prog_gnu_ld=yes
lt_cv_prog_gnu_ldcxx=yes
lt_cv_sys_global_symbol_pipe='sed -n -e '\''s/^.*[ 	]\([ABCDGIRSTW][ABCDGIRSTW]*\)[ 	][ 	]*\([_A-Za-z][_A-Za-z0-9]*\)$/\1 \2 \2/p'\'''
lt_cv_sys_global_symbol_to_c_name_address='sed -n -e '\''s/^: \([^ ]*\) $/  {\"\1\", (lt_ptr) 0},/p'\'' -e '\''s/^[BCDEGRST] \([^ ]*\) \([^ ]*\)$/  {"\2", (lt_ptr) \&\2},/p'\'''
lt_cv_sys_global_symbol_to_cdecl='sed -n -e '\''s/^. .* \(.*\)$/extern int \1;/p'\'''
lt_cv_sys_max_cmd_len=196608
lt_lt_cv_prog_compiler_c_o='"yes"'
lt_lt_cv_prog_compiler_c_o_CXX='"yes"'
lt_lt_cv_prog_compiler_c_o_F77='"yes"'
lt_lt_cv_sys_global_symbol_pipe='"sed -n -e '\''s/^.*[ 	]\\([ABCDGIRSTW][ABCDGIRSTW]*\\)[ 	][ 	]*\\([_A-Za-z][_A-Za-z0-9]*\\)\$/\\1 \\2 \\2/p'\''"'
lt_lt_cv_sys_global_symbol_to_c_name_address='"sed -n -e '\''s/^: \\([^ ]*\\) \$/  {\\\"\\1\\\", (lt_ptr) 0},/p'\'' -e '\''s/^[BCDEGRST] \\([^ ]*\\) \\([^ ]*\\)\$/  {\"\\2\", (lt_ptr) \\&\\2},/p'\''"'
lt_lt_cv_sys_global_symbol_to_cdecl='"sed -n -e '\''s/^. .* \\(.*\\)\$/extern int \\1;/p'\''"'

## ----------------- ##
## Output variables. ##
## ----------------- ##

ACLOCAL='${SHELL} /home/ass/svn/libcxx/svn/trunk/trunk/missing --run aclocal-1.10'
AMDEPBACKSLASH='\'
AMDEP_FALSE='#'
AMDEP_TRUE=''
AMTAR='${SHELL} /home/ass/svn/libcxx/svn/trunk/trunk/missing --run tar'
AR='ar'
AUTOCONF='${SHELL} /home/ass/svn/libcxx/svn/trunk/trunk/missing --run autoconf'
AUTOHEADER='${SHELL} /home/ass/svn/libcxx/svn/trunk/trunk/missing --run autoheader'
AUTOMAKE='${SHELL} /home/ass/svn/libcxx/svn/trunk/trunk/missing --run automake-1.10'
AWK='nawk'
CC='gcc'
CCDEPMODE='depmode=gcc3'
CFLAGS='-g -O2'
CPP='gcc -E'
CPPFLAGS=''
CXX='g++'
CXXCPP='g++ -E'
CXXDEPMODE='depmode=gcc3'
CXXFLAGS='-g -O2'
CYGPATH_W='echo'
DEFS='-DHAVE_CONFIG_H'
DEPDIR='.deps'
DOXYGEN='/usr/local/bin/doxygen'
ECHO='echo'
ECHO_C=''
ECHO_N='-n'
ECHO_T=''
EGREP='/usr/bin/grep -E'
EXEEXT=''
F77='f77'
FFLAGS='-g -O2'
G33=''
GREP='/usr/bin/grep'
INSTALL_DATA='${INSTALL} -m 644'
INSTALL_PROGRAM='${INSTALL}'
INSTALL_SCRIPT='${INSTALL}'
INSTALL_STRIP_PROGRAM='$(install_sh) -c -s'
LDFLAGS=''
LIBOBJS=' ${LIBOBJDIR}error$U.o'
LIBS=''
LIBS_ADD=''
LIBTOOL='$(SHELL) $(top_builddir)/libtool'
LN_S='ln -s'
LTLIBOBJS=' ${LIBOBJDIR}error$U.lo'
MAKEINFO='${SHELL} /home/ass/svn/libcxx/svn/trunk/trunk/missing --run makeinfo'
OBJEXT='o'
PACKAGE='libcxx'
PACKAGE_BUGREPORT=''
PACKAGE_NAME='libcxx'
PACKAGE_STRING='libcxx 1.0'
PACKAGE_TARNAME='libcxx'
PACKAGE_VERSION='1.0'
PATH_SEPARATOR=':'
RANLIB='ranlib'
SED='/usr/bin/sed'
SET_MAKE=''
SHELL='/usr/local/bin/bash'
STRIP='strip'
VERSION='1.0'
ac_ct_CC='gcc'
ac_ct_CXX='g++'
ac_ct_F77='f77'
am__fastdepCC_FALSE='#'
am__fastdepCC_TRUE=''
am__fastdepCXX_FALSE='#'
am__fastdepCXX_TRUE=''
am__include='include'
am__isrc=''
am__leading_dot='.'
am__quote=''
am__tar='${AMTAR} chof - "$$tardir"'
am__untar='${AMTAR} xf -'
bindir='${exec_prefix}/bin'
build='i386-unknown-freebsd6.2'
build_alias=''
build_cpu='i386'
build_os='freebsd6.2'
build_vendor='unknown'
datadir='${datarootdir}'
datarootdir='${prefix}/share'
docdir='${datarootdir}/doc/${PACKAGE_TARNAME}'
dvidir='${docdir}'
exec_prefix='${prefix}'
host='i386-unknown-freebsd6.2'
host_alias=''
host_cpu='i386'
host_os='freebsd6.2'
host_vendor='unknown'
htmldir='${docdir}'
includedir='${prefix}/include'
infodir='${datarootdir}/info'
install_sh='$(SHELL) /home/ass/svn/libcxx/svn/trunk/trunk/install-sh'
libdir='${exec_prefix}/lib'
libexecdir='${exec_prefix}/libexec'
localedir='${datarootdir}/locale'
localstatedir='${prefix}/var'
mandir='${datarootdir}/man'
mkdir_p='$(top_builddir)/./install-sh -c -d'
oldincludedir='/usr/include'
pdfdir='${docdir}'
prefix='/usr/local'
program_transform_name='s,x,x,'
psdir='${docdir}'
sbindir='${exec_prefix}/sbin'
sharedstatedir='${prefix}/com'
sysconfdir='${prefix}/etc'
target_alias=''

## ----------- ##
## confdefs.h. ##
## ----------- ##

#define PACKAGE_NAME "libcxx"
#define PACKAGE_TARNAME "libcxx"
#define PACKAGE_VERSION "1.0"
#define PACKAGE_STRING "libcxx 1.0"
#define PACKAGE_BUGREPORT ""
#define PACKAGE "libcxx"
#define VERSION "1.0"
#define STDC_HEADERS 1
#define HAVE_SYS_TYPES_H 1
#define HAVE_SYS_STAT_H 1
#define HAVE_STDLIB_H 1
#define HAVE_STRING_H 1
#define HAVE_MEMORY_H 1
#define HAVE_STRINGS_H 1
#define HAVE_INTTYPES_H 1
#define HAVE_STDINT_H 1
#define HAVE_UNISTD_H 1
#define HAVE_DLFCN_H 1
#define STDC_HEADERS 1
#define HAVE_SYS_WAIT_H 1
#define HAVE_FCNTL_H 1
#define HAVE_SYS_TIME_H 1
#define HAVE_SYSLOG_H 1
#define HAVE_UNISTD_H 1
#define HAVE__BOOL 1
#define HAVE_STDBOOL_H 1
#define TIME_WITH_SYS_TIME 1
#define HAVE_FORK 1
#define HAVE_VFORK 1
#define HAVE_WORKING_VFORK 1
#define HAVE_WORKING_FORK 1
#define HAVE_SYS_SELECT_H 1
#define HAVE_SYS_SOCKET_H 1
#define SELECT_TYPE_ARG1 int
#define SELECT_TYPE_ARG234 (fd_set *)
#define SELECT_TYPE_ARG5 (struct timeval *)
#define RETSIGTYPE void
#define HAVE_ALARM 1
#define HAVE_GETTIMEOFDAY 1
#define HAVE_MEMSET 1
#define HAVE_SELECT 1
#define HAVE_SETENV 1
#define HAVE_STRERROR 1
#define HAVE_STRTOUL 1
#define FREEBSD 1

configure: exit 0
